[23:34:29 12/3/2026] ========================================
[23:34:29 12/3/2026] FB Group Daemon starting — interval: 300s
[23:34:29 12/3/2026] Groups: 17 | Concurrency: 5 | Tab timeout: 30s
[23:34:29 12/3/2026] ========================================
[23:34:30 12/3/2026] ━━━ CYCLE #1 START ━━━
[23:34:43 12/3/2026]   ✅ toolwebapp: 3 bài
[23:34:43 12/3/2026]   ✅ thietkewebvietnam: 3 bài
[23:34:43 12/3/2026]   ✅ 1685891735047297: 3 bài
[23:34:43 12/3/2026]   ⚠️ 362900488947380: 0 posts — will retry
[23:34:43 12/3/2026]   ⚠️ 606643771643699: 0 posts — will retry
[23:35:00 12/3/2026]   ✅ 1104882584238051: 3 bài
[23:35:00 12/3/2026]   ✅ congdongthietkewebsitegiare: 3 bài
[23:35:00 12/3/2026]   ⚠️ 1712169349298592: 0 posts — will retry
[23:35:00 12/3/2026]   ✅ hoithietkewebsiteviet: 3 bài
[23:35:00 12/3/2026]   ✅ 1998083910206781: 3 bài
[23:35:15 12/3/2026]   ✅ n8n.automation: 3 bài
[23:35:15 12/3/2026]   ✅ 1953768764898561: 3 bài
[23:35:15 12/3/2026]   ✅ canhovhgpthuduc: 3 bài
[23:35:15 12/3/2026]   ✅ 1253003428939928: 3 bài
[23:35:15 12/3/2026]   ✅ 843936324120052: 3 bài
[23:35:27 12/3/2026]   ✅ 197773610041069: 3 bài
[23:35:27 12/3/2026]   ✅ chocudanvinhomeq9: 3 bài
[23:35:27 12/3/2026]   🔄 Retrying 3 groups...
[23:35:54 12/3/2026]   ✅ 362900488947380 (retry): 2 bài
[23:36:04 12/3/2026]   ❌ 606643771643699 (retry): still 0 posts
[23:36:19 12/3/2026]   ❌ 1712169349298592 (retry): still 0 posts
[23:36:19 12/3/2026] ━━━ CYCLE #1 DONE: 15/17 groups OK ━━━
[23:36:19 12/3/2026] Sleeping 300s until next cycle...
[23:41:19 12/3/2026] ━━━ CYCLE #2 START ━━━
[23:41:49 12/3/2026]   ✅ toolwebapp: 3 bài
[23:41:49 12/3/2026]   ✅ thietkewebvietnam: 3 bài
[23:41:49 12/3/2026]   ✅ 1685891735047297: 3 bài
[23:41:49 12/3/2026]   ✅ 362900488947380: 2 bài
[23:41:49 12/3/2026]   ⚠️ 606643771643699: 0 posts — will retry
[23:42:07 12/3/2026]   ✅ 1104882584238051: 3 bài
[23:42:07 12/3/2026]   ✅ congdongthietkewebsitegiare: 3 bài
[23:42:07 12/3/2026]   ⚠️ 1712169349298592: 0 posts — will retry
[23:42:07 12/3/2026]   ✅ hoithietkewebsiteviet: 3 bài
[23:42:07 12/3/2026]   ✅ 1998083910206781: 3 bài
[23:42:22 12/3/2026]   ✅ n8n.automation: 3 bài
[23:42:22 12/3/2026]   ✅ 1953768764898561: 3 bài
[23:42:22 12/3/2026]   ✅ canhovhgpthuduc: 3 bài
[23:42:22 12/3/2026]   ✅ 1253003428939928: 3 bài
[23:42:22 12/3/2026]   ✅ 843936324120052: 3 bài
[23:42:35 12/3/2026]   ✅ 197773610041069: 3 bài
[23:42:35 12/3/2026]   ✅ chocudanvinhomeq9: 3 bài
[23:42:35 12/3/2026]   🔄 Retrying 2 groups...
[23:42:46 12/3/2026]   ❌ 606643771643699 (retry): still 0 posts
[23:42:57 12/3/2026]   ❌ 1712169349298592 (retry): still 0 posts
[23:42:57 12/3/2026] ━━━ CYCLE #2 DONE: 15/17 groups OK ━━━
[23:42:57 12/3/2026] Sleeping 300s until next cycle...
[23:47:57 12/3/2026] ━━━ CYCLE #3 START ━━━
[23:48:12 12/3/2026]   ✅ toolwebapp: 3 bài
[23:48:12 12/3/2026]   ✅ thietkewebvietnam: 3 bài
[23:48:12 12/3/2026]   ✅ 1685891735047297: 3 bài
[23:48:12 12/3/2026]   ⚠️ 362900488947380: 0 posts — will retry
[23:48:12 12/3/2026]   ⚠️ 606643771643699: 0 posts — will retry
